<?xml version="1.0" encoding="UTF-8"?>
<testsuite xmlns:xsi="http://www.w3.org/2001/XMLSchema-instance" xsi:noNamespaceSchemaLocation="https://maven.apache.org/surefire/maven-failsafe-plugin/xsd/failsafe-test-report.xsd" name="com.gema.testjms.HelloService_Ok_IT" time="2.069" tests="3" errors="0" skipped="1" failures="2">
  <properties>
    <property name="java.runtime.name" value="Java(TM) SE Runtime Environment"/>
    <property name="sun.boot.library.path" value="/opt/jdk1.8.0_60/jre/lib/amd64"/>
    <property name="java.vm.version" value="25.60-b23"/>
    <property name="java.vm.vendor" value="Oracle Corporation"/>
    <property name="maven.multiModuleProjectDirectory" value="/home/tibco/Documenti/citrusWorkspace/GEMA_INT-TEST/testjms"/>
    <property name="java.vendor.url" value="http://java.oracle.com/"/>
    <property name="path.separator" value=":"/>
    <property name="guice.disable.misplaced.annotation.check" value="true"/>
    <property name="java.vm.name" value="Java HotSpot(TM) 64-Bit Server VM"/>
    <property name="file.encoding.pkg" value="sun.io"/>
    <property name="user.country" value="IT"/>
    <property name="sun.java.launcher" value="SUN_STANDARD"/>
    <property name="sun.os.patch.level" value="unknown"/>
    <property name="test" value="SoapJMS_MaxEai_TEST"/>
    <property name="java.vm.specification.name" value="Java Virtual Machine Specification"/>
    <property name="user.dir" value="/home/tibco/Documenti/citrusWorkspace/GEMA_INT-TEST/testjms"/>
    <property name="java.runtime.version" value="1.8.0_60-b27"/>
    <property name="java.awt.graphicsenv" value="sun.awt.X11GraphicsEnvironment"/>
    <property name="java.endorsed.dirs" value="/opt/jdk1.8.0_60/jre/lib/endorsed"/>
    <property name="os.arch" value="amd64"/>
    <property name="java.io.tmpdir" value="/tmp"/>
    <property name="line.separator" value="&#10;"/>
    <property name="java.vm.specification.vendor" value="Oracle Corporation"/>
    <property name="os.name" value="Linux"/>
    <property name="classworlds.conf" value="/home/tibco/apache-maven-3.5.0/bin/m2.conf"/>
    <property name="sun.jnu.encoding" value="UTF-8"/>
    <property name="java.library.path" value="/u01/app/oracle/product/12.1.0/db_1/lib:/lib:/usr/lib:/usr/java/packages/lib/amd64:/usr/lib64:/lib64:/lib:/usr/lib"/>
    <property name="maven.conf" value="/home/tibco/apache-maven-3.5.0/conf"/>
    <property name="java.specification.name" value="Java Platform API Specification"/>
    <property name="java.class.version" value="52.0"/>
    <property name="sun.management.compiler" value="HotSpot 64-Bit Tiered Compilers"/>
    <property name="os.version" value="2.6.32-642.11.1.el6.x86_64"/>
    <property name="library.jansi.path" value="/home/tibco/apache-maven-3.5.0/lib/jansi-native/linux64"/>
    <property name="user.home" value="/home/tibco"/>
    <property name="user.timezone" value="Europe/Rome"/>
    <property name="java.awt.printerjob" value="sun.print.PSPrinterJob"/>
    <property name="java.specification.version" value="1.8"/>
    <property name="file.encoding" value="UTF-8"/>
    <property name="user.name" value="tibco"/>
    <property name="java.class.path" value="/home/tibco/apache-maven-3.5.0/boot/plexus-classworlds-2.5.2.jar"/>
    <property name="java.vm.specification.version" value="1.8"/>
    <property name="sun.arch.data.model" value="64"/>
    <property name="java.home" value="/opt/jdk1.8.0_60/jre"/>
    <property name="sun.java.command" value="org.codehaus.plexus.classworlds.launcher.Launcher integration-test -Dtest=SoapJMS_MaxEai_TEST"/>
    <property name="java.specification.vendor" value="Oracle Corporation"/>
    <property name="user.language" value="it"/>
    <property name="awt.toolkit" value="sun.awt.X11.XToolkit"/>
    <property name="java.vm.info" value="mixed mode"/>
    <property name="java.version" value="1.8.0_60"/>
    <property name="java.ext.dirs" value="/opt/jdk1.8.0_60/jre/lib/ext:/usr/java/packages/lib/ext"/>
    <property name="securerandom.source" value="file:/dev/./urandom"/>
    <property name="sun.boot.class.path" value="/opt/jdk1.8.0_60/jre/lib/resources.jar:/opt/jdk1.8.0_60/jre/lib/rt.jar:/opt/jdk1.8.0_60/jre/lib/sunrsasign.jar:/opt/jdk1.8.0_60/jre/lib/jsse.jar:/opt/jdk1.8.0_60/jre/lib/jce.jar:/opt/jdk1.8.0_60/jre/lib/charsets.jar:/opt/jdk1.8.0_60/jre/lib/jfr.jar:/opt/jdk1.8.0_60/jre/classes"/>
    <property name="java.vendor" value="Oracle Corporation"/>
    <property name="maven.home" value="/home/tibco/apache-maven-3.5.0"/>
    <property name="file.separator" value="/"/>
    <property name="java.vendor.url.bug" value="http://bugreport.sun.com/bugreport/"/>
    <property name="sun.cpu.endian" value="little"/>
    <property name="sun.io.unicode.encoding" value="UnicodeLittle"/>
    <property name="sun.desktop" value="gnome"/>
    <property name="sun.cpu.isalist" value=""/>
  </properties>
  <testcase name="beforeSuite" classname="com.gema.testjms.HelloService_Ok_IT" time="1.64">
    <failure message="Failed to load ApplicationContext" type="java.lang.IllegalStateException">java.lang.IllegalStateException: Failed to load ApplicationContext
Caused by: org.springframework.beans.factory.UnsatisfiedDependencyException: Error creating bean with name 'defaultXmlMessageValidator': Unsatisfied dependency expressed through field 'schemaRepositories'; nested exception is org.springframework.beans.factory.BeanCreationException: Error creating bean with name 'schemaRepository': Cannot resolve reference to bean 'ServiceWsdl' while setting bean property 'schemas' with key [0]; nested exception is org.springframework.beans.factory.BeanCreationException: Error creating bean with name 'ServiceWsdl': Invocation of init method failed; nested exception is java.lang.IllegalArgumentException: wsdl file resource 'class path resource [schemas/getResponseConcrete_Text.wsdl] does not exist
Caused by: org.springframework.beans.factory.BeanCreationException: Error creating bean with name 'schemaRepository': Cannot resolve reference to bean 'ServiceWsdl' while setting bean property 'schemas' with key [0]; nested exception is org.springframework.beans.factory.BeanCreationException: Error creating bean with name 'ServiceWsdl': Invocation of init method failed; nested exception is java.lang.IllegalArgumentException: wsdl file resource 'class path resource [schemas/getResponseConcrete_Text.wsdl] does not exist
Caused by: org.springframework.beans.factory.BeanCreationException: Error creating bean with name 'ServiceWsdl': Invocation of init method failed; nested exception is java.lang.IllegalArgumentException: wsdl file resource 'class path resource [schemas/getResponseConcrete_Text.wsdl] does not exist
Caused by: java.lang.IllegalArgumentException: wsdl file resource 'class path resource [schemas/getResponseConcrete_Text.wsdl] does not exist
</failure>
    <system-out><![CDATA[18:12:56,887 INFO         citrus.Citrus| Unable to locate Citrus application properties
18:12:56,911 INFO  BeanDefinitionReader| Loading XML bean definitions from URL [file:/home/tibco/Documenti/citrusWorkspace/GEMA_INT-TEST/testjms/target/test-classes/citrus-context.xml]
18:12:57,210 DEBUG BeanDefinitionReader| Loaded 10 bean definitions from location pattern [classpath*:citrus-context.xml]
18:12:57,701 WARN  icApplicationContext| Exception encountered during context initialization - cancelling refresh attempt: org.springframework.beans.factory.UnsatisfiedDependencyException: Error creating bean with name 'defaultXmlMessageValidator': Unsatisfied dependency expressed through field 'schemaRepositories'; nested exception is org.springframework.beans.factory.BeanCreationException: Error creating bean with name 'schemaRepository': Cannot resolve reference to bean 'ServiceWsdl' while setting bean property 'schemas' with key [0]; nested exception is org.springframework.beans.factory.BeanCreationException: Error creating bean with name 'ServiceWsdl': Invocation of init method failed; nested exception is java.lang.IllegalArgumentException: wsdl file resource 'class path resource [schemas/getResponseConcrete_Text.wsdl] does not exist
18:12:57,704 ERROR t.TestContextManager| Caught exception while allowing TestExecutionListener [org.springframework.test.context.support.DependencyInjectionTestExecutionListener@6986bbaf] to prepare test instance [com.gema.testjms.HelloService_Ok_IT@6ce139a4]
java.lang.IllegalStateException: Failed to load ApplicationContext
	at org.springframework.test.context.cache.DefaultCacheAwareContextLoaderDelegate.loadContext(DefaultCacheAwareContextLoaderDelegate.java:124)
	at org.springframework.test.context.support.DefaultTestContext.getApplicationContext(DefaultTestContext.java:83)
	at org.springframework.test.context.support.DependencyInjectionTestExecutionListener.injectDependencies(DependencyInjectionTestExecutionListener.java:117)
	at org.springframework.test.context.support.DependencyInjectionTestExecutionListener.prepareTestInstance(DependencyInjectionTestExecutionListener.java:83)
	at org.springframework.test.context.TestContextManager.prepareTestInstance(TestContextManager.java:230)
	at org.springframework.test.context.testng.AbstractTestNGSpringContextTests.springTestContextPrepareTestInstance(AbstractTestNGSpringContextTests.java:149)
	at com.consol.citrus.testng.AbstractTestNGCitrusTest.beforeSuite(AbstractTestNGCitrusTest.java:263)
	at sun.reflect.NativeMethodAccessorImpl.invoke0(Native Method)
	at sun.reflect.NativeMethodAccessorImpl.invoke(NativeMethodAccessorImpl.java:62)
	at sun.reflect.DelegatingMethodAccessorImpl.invoke(DelegatingMethodAccessorImpl.java:43)
	at java.lang.reflect.Method.invoke(Method.java:497)
	at org.testng.internal.MethodInvocationHelper.invokeMethod(MethodInvocationHelper.java:108)
	at org.testng.internal.Invoker.invokeConfigurationMethod(Invoker.java:523)
	at org.testng.internal.Invoker.invokeConfigurations(Invoker.java:224)
	at org.testng.internal.Invoker.invokeConfigurations(Invoker.java:146)
	at org.testng.SuiteRunner.privateRun(SuiteRunner.java:326)
	at org.testng.SuiteRunner.run(SuiteRunner.java:289)
	at org.testng.SuiteRunnerWorker.runSuite(SuiteRunnerWorker.java:52)
	at org.testng.SuiteRunnerWorker.run(SuiteRunnerWorker.java:86)
	at org.testng.TestNG.runSuitesSequentially(TestNG.java:1301)
	at org.testng.TestNG.runSuitesLocally(TestNG.java:1226)
	at org.testng.TestNG.runSuites(TestNG.java:1144)
	at org.testng.TestNG.run(TestNG.java:1115)
	at org.apache.maven.surefire.testng.TestNGExecutor.run(TestNGExecutor.java:135)
	at org.apache.maven.surefire.testng.TestNGDirectoryTestSuite.executeSingleClass(TestNGDirectoryTestSuite.java:112)
	at org.apache.maven.surefire.testng.TestNGDirectoryTestSuite.execute(TestNGDirectoryTestSuite.java:99)
	at org.apache.maven.surefire.testng.TestNGProvider.invoke(TestNGProvider.java:146)
	at org.apache.maven.surefire.booter.ForkedBooter.invokeProviderInSameClassLoader(ForkedBooter.java:386)
	at org.apache.maven.surefire.booter.ForkedBooter.runSuitesInProcess(ForkedBooter.java:323)
	at org.apache.maven.surefire.booter.ForkedBooter.main(ForkedBooter.java:143)
Caused by: org.springframework.beans.factory.UnsatisfiedDependencyException: Error creating bean with name 'defaultXmlMessageValidator': Unsatisfied dependency expressed through field 'schemaRepositories'; nested exception is org.springframework.beans.factory.BeanCreationException: Error creating bean with name 'schemaRepository': Cannot resolve reference to bean 'ServiceWsdl' while setting bean property 'schemas' with key [0]; nested exception is org.springframework.beans.factory.BeanCreationException: Error creating bean with name 'ServiceWsdl': Invocation of init method failed; nested exception is java.lang.IllegalArgumentException: wsdl file resource 'class path resource [schemas/getResponseConcrete_Text.wsdl] does not exist
	at org.springframework.beans.factory.annotation.AutowiredAnnotationBeanPostProcessor$AutowiredFieldElement.inject(AutowiredAnnotationBeanPostProcessor.java:588)
	at org.springframework.beans.factory.annotation.InjectionMetadata.inject(InjectionMetadata.java:88)
	at org.springframework.beans.factory.annotation.AutowiredAnnotationBeanPostProcessor.postProcessPropertyValues(AutowiredAnnotationBeanPostProcessor.java:366)
	at org.springframework.beans.factory.support.AbstractAutowireCapableBeanFactory.populateBean(AbstractAutowireCapableBeanFactory.java:1264)
	at org.springframework.beans.factory.support.AbstractAutowireCapableBeanFactory.doCreateBean(AbstractAutowireCapableBeanFactory.java:553)
	at org.springframework.beans.factory.support.AbstractAutowireCapableBeanFactory.createBean(AbstractAutowireCapableBeanFactory.java:483)
	at org.springframework.beans.factory.support.AbstractBeanFactory$1.getObject(AbstractBeanFactory.java:306)
	at org.springframework.beans.factory.support.DefaultSingletonBeanRegistry.getSingleton(DefaultSingletonBeanRegistry.java:230)
	at org.springframework.beans.factory.support.AbstractBeanFactory.doGetBean(AbstractBeanFactory.java:302)
	at org.springframework.beans.factory.support.AbstractBeanFactory.getBean(AbstractBeanFactory.java:197)
	at org.springframework.beans.factory.support.DefaultListableBeanFactory.preInstantiateSingletons(DefaultListableBeanFactory.java:761)
	at org.springframework.context.support.AbstractApplicationContext.finishBeanFactoryInitialization(AbstractApplicationContext.java:867)
	at org.springframework.context.support.AbstractApplicationContext.refresh(AbstractApplicationContext.java:543)
	at org.springframework.test.context.support.AbstractGenericContextLoader.loadContext(AbstractGenericContextLoader.java:128)
	at org.springframework.test.context.support.AbstractGenericContextLoader.loadContext(AbstractGenericContextLoader.java:60)
	at org.springframework.test.context.support.AbstractDelegatingSmartContextLoader.delegateLoading(AbstractDelegatingSmartContextLoader.java:108)
	at org.springframework.test.context.support.AbstractDelegatingSmartContextLoader.loadContext(AbstractDelegatingSmartContextLoader.java:251)
	at org.springframework.test.context.cache.DefaultCacheAwareContextLoaderDelegate.loadContextInternal(DefaultCacheAwareContextLoaderDelegate.java:98)
	at org.springframework.test.context.cache.DefaultCacheAwareContextLoaderDelegate.loadContext(DefaultCacheAwareContextLoaderDelegate.java:116)
	... 29 more
Caused by: org.springframework.beans.factory.BeanCreationException: Error creating bean with name 'schemaRepository': Cannot resolve reference to bean 'ServiceWsdl' while setting bean property 'schemas' with key [0]; nested exception is org.springframework.beans.factory.BeanCreationException: Error creating bean with name 'ServiceWsdl': Invocation of init method failed; nested exception is java.lang.IllegalArgumentException: wsdl file resource 'class path resource [schemas/getResponseConcrete_Text.wsdl] does not exist
	at org.springframework.beans.factory.support.BeanDefinitionValueResolver.resolveReference(BeanDefinitionValueResolver.java:359)
	at org.springframework.beans.factory.support.BeanDefinitionValueResolver.resolveValueIfNecessary(BeanDefinitionValueResolver.java:108)
	at org.springframework.beans.factory.support.BeanDefinitionValueResolver.resolveManagedList(BeanDefinitionValueResolver.java:382)
	at org.springframework.beans.factory.support.BeanDefinitionValueResolver.resolveValueIfNecessary(BeanDefinitionValueResolver.java:157)
	at org.springframework.beans.factory.support.AbstractAutowireCapableBeanFactory.applyPropertyValues(AbstractAutowireCapableBeanFactory.java:1531)
	at org.springframework.beans.factory.support.AbstractAutowireCapableBeanFactory.populateBean(AbstractAutowireCapableBeanFactory.java:1276)
	at org.springframework.beans.factory.support.AbstractAutowireCapableBeanFactory.doCreateBean(AbstractAutowireCapableBeanFactory.java:553)
	at org.springframework.beans.factory.support.AbstractAutowireCapableBeanFactory.createBean(AbstractAutowireCapableBeanFactory.java:483)
	at org.springframework.beans.factory.support.AbstractBeanFactory$1.getObject(AbstractBeanFactory.java:306)
	at org.springframework.beans.factory.support.DefaultSingletonBeanRegistry.getSingleton(DefaultSingletonBeanRegistry.java:230)
	at org.springframework.beans.factory.support.AbstractBeanFactory.doGetBean(AbstractBeanFactory.java:302)
	at org.springframework.beans.factory.support.AbstractBeanFactory.getBean(AbstractBeanFactory.java:202)
	at org.springframework.beans.factory.config.DependencyDescriptor.resolveCandidate(DependencyDescriptor.java:208)
	at org.springframework.beans.factory.support.DefaultListableBeanFactory.addCandidateEntry(DefaultListableBeanFactory.java:1316)
	at org.springframework.beans.factory.support.DefaultListableBeanFactory.findAutowireCandidates(DefaultListableBeanFactory.java:1282)
	at org.springframework.beans.factory.support.DefaultListableBeanFactory.resolveMultipleBeans(DefaultListableBeanFactory.java:1180)
	at org.springframework.beans.factory.support.DefaultListableBeanFactory.doResolveDependency(DefaultListableBeanFactory.java:1096)
	at org.springframework.beans.factory.support.DefaultListableBeanFactory.resolveDependency(DefaultListableBeanFactory.java:1066)
	at org.springframework.beans.factory.annotation.AutowiredAnnotationBeanPostProcessor$AutowiredFieldElement.inject(AutowiredAnnotationBeanPostProcessor.java:585)
	... 47 more
Caused by: org.springframework.beans.factory.BeanCreationException: Error creating bean with name 'ServiceWsdl': Invocation of init method failed; nested exception is java.lang.IllegalArgumentException: wsdl file resource 'class path resource [schemas/getResponseConcrete_Text.wsdl] does not exist
	at org.springframework.beans.factory.support.AbstractAutowireCapableBeanFactory.initializeBean(AbstractAutowireCapableBeanFactory.java:1628)
	at org.springframework.beans.factory.support.AbstractAutowireCapableBeanFactory.doCreateBean(AbstractAutowireCapableBeanFactory.java:555)
	at org.springframework.beans.factory.support.AbstractAutowireCapableBeanFactory.createBean(AbstractAutowireCapableBeanFactory.java:483)
	at org.springframework.beans.factory.support.AbstractBeanFactory$1.getObject(AbstractBeanFactory.java:306)
	at org.springframework.beans.factory.support.DefaultSingletonBeanRegistry.getSingleton(DefaultSingletonBeanRegistry.java:230)
	at org.springframework.beans.factory.support.AbstractBeanFactory.doGetBean(AbstractBeanFactory.java:302)
	at org.springframework.beans.factory.support.AbstractBeanFactory.getBean(AbstractBeanFactory.java:197)
	at org.springframework.beans.factory.support.BeanDefinitionValueResolver.resolveReference(BeanDefinitionValueResolver.java:351)
	... 65 more
Caused by: java.lang.IllegalArgumentException: wsdl file resource 'class path resource [schemas/getResponseConcrete_Text.wsdl] does not exist
	at org.springframework.util.Assert.isTrue(Assert.java:92)
	at com.consol.citrus.xml.schema.WsdlXsdSchema.loadSchemaResources(WsdlXsdSchema.java:76)
	at com.consol.citrus.xml.schema.AbstractSchemaCollection.afterPropertiesSet(AbstractSchemaCollection.java:114)
	at org.springframework.beans.factory.support.AbstractAutowireCapableBeanFactory.invokeInitMethods(AbstractAutowireCapableBeanFactory.java:1687)
	at org.springframework.beans.factory.support.AbstractAutowireCapableBeanFactory.initializeBean(AbstractAutowireCapableBeanFactory.java:1624)
	... 72 more
]]></system-out>
  </testcase>
  <testcase name="springTestContextPrepareTestInstance" classname="com.gema.testjms.HelloService_Ok_IT" time="1.908">
    <failure message="Failed to load ApplicationContext" type="java.lang.IllegalStateException">java.lang.IllegalStateException: Failed to load ApplicationContext
Caused by: org.springframework.beans.factory.UnsatisfiedDependencyException: Error creating bean with name 'defaultXmlMessageValidator': Unsatisfied dependency expressed through field 'schemaRepositories'; nested exception is org.springframework.beans.factory.BeanCreationException: Error creating bean with name 'schemaRepository': Cannot resolve reference to bean 'ServiceWsdl' while setting bean property 'schemas' with key [0]; nested exception is org.springframework.beans.factory.BeanCreationException: Error creating bean with name 'ServiceWsdl': Invocation of init method failed; nested exception is java.lang.IllegalArgumentException: wsdl file resource 'class path resource [schemas/getResponseConcrete_Text.wsdl] does not exist
Caused by: org.springframework.beans.factory.BeanCreationException: Error creating bean with name 'schemaRepository': Cannot resolve reference to bean 'ServiceWsdl' while setting bean property 'schemas' with key [0]; nested exception is org.springframework.beans.factory.BeanCreationException: Error creating bean with name 'ServiceWsdl': Invocation of init method failed; nested exception is java.lang.IllegalArgumentException: wsdl file resource 'class path resource [schemas/getResponseConcrete_Text.wsdl] does not exist
Caused by: org.springframework.beans.factory.BeanCreationException: Error creating bean with name 'ServiceWsdl': Invocation of init method failed; nested exception is java.lang.IllegalArgumentException: wsdl file resource 'class path resource [schemas/getResponseConcrete_Text.wsdl] does not exist
Caused by: java.lang.IllegalArgumentException: wsdl file resource 'class path resource [schemas/getResponseConcrete_Text.wsdl] does not exist
</failure>
    <system-out><![CDATA[18:12:57,780 INFO  BeanDefinitionReader| Loading XML bean definitions from URL [file:/home/tibco/Documenti/citrusWorkspace/GEMA_INT-TEST/testjms/target/test-classes/citrus-context.xml]
18:12:57,870 DEBUG BeanDefinitionReader| Loaded 10 bean definitions from location pattern [classpath*:citrus-context.xml]
18:12:57,990 WARN  icApplicationContext| Exception encountered during context initialization - cancelling refresh attempt: org.springframework.beans.factory.UnsatisfiedDependencyException: Error creating bean with name 'defaultXmlMessageValidator': Unsatisfied dependency expressed through field 'schemaRepositories'; nested exception is org.springframework.beans.factory.BeanCreationException: Error creating bean with name 'schemaRepository': Cannot resolve reference to bean 'ServiceWsdl' while setting bean property 'schemas' with key [0]; nested exception is org.springframework.beans.factory.BeanCreationException: Error creating bean with name 'ServiceWsdl': Invocation of init method failed; nested exception is java.lang.IllegalArgumentException: wsdl file resource 'class path resource [schemas/getResponseConcrete_Text.wsdl] does not exist
18:12:57,991 ERROR t.TestContextManager| Caught exception while allowing TestExecutionListener [org.springframework.test.context.support.DependencyInjectionTestExecutionListener@6986bbaf] to prepare test instance [com.gema.testjms.HelloService_Ok_IT@6ce139a4]
java.lang.IllegalStateException: Failed to load ApplicationContext
	at org.springframework.test.context.cache.DefaultCacheAwareContextLoaderDelegate.loadContext(DefaultCacheAwareContextLoaderDelegate.java:124)
	at org.springframework.test.context.support.DefaultTestContext.getApplicationContext(DefaultTestContext.java:83)
	at org.springframework.test.context.support.DependencyInjectionTestExecutionListener.injectDependencies(DependencyInjectionTestExecutionListener.java:117)
	at org.springframework.test.context.support.DependencyInjectionTestExecutionListener.prepareTestInstance(DependencyInjectionTestExecutionListener.java:83)
	at org.springframework.test.context.TestContextManager.prepareTestInstance(TestContextManager.java:230)
	at org.springframework.test.context.testng.AbstractTestNGSpringContextTests.springTestContextPrepareTestInstance(AbstractTestNGSpringContextTests.java:149)
	at sun.reflect.NativeMethodAccessorImpl.invoke0(Native Method)
	at sun.reflect.NativeMethodAccessorImpl.invoke(NativeMethodAccessorImpl.java:62)
	at sun.reflect.DelegatingMethodAccessorImpl.invoke(DelegatingMethodAccessorImpl.java:43)
	at java.lang.reflect.Method.invoke(Method.java:497)
	at org.testng.internal.MethodInvocationHelper.invokeMethod(MethodInvocationHelper.java:108)
	at org.testng.internal.Invoker.invokeConfigurationMethod(Invoker.java:523)
	at org.testng.internal.Invoker.invokeConfigurations(Invoker.java:224)
	at org.testng.internal.Invoker.invokeConfigurations(Invoker.java:146)
	at org.testng.internal.TestMethodWorker.invokeBeforeClassMethods(TestMethodWorker.java:166)
	at org.testng.internal.TestMethodWorker.run(TestMethodWorker.java:105)
	at org.testng.TestRunner.privateRun(TestRunner.java:744)
	at org.testng.TestRunner.run(TestRunner.java:602)
	at org.testng.SuiteRunner.runTest(SuiteRunner.java:380)
	at org.testng.SuiteRunner.runSequentially(SuiteRunner.java:375)
	at org.testng.SuiteRunner.privateRun(SuiteRunner.java:340)
	at org.testng.SuiteRunner.run(SuiteRunner.java:289)
	at org.testng.SuiteRunnerWorker.runSuite(SuiteRunnerWorker.java:52)
	at org.testng.SuiteRunnerWorker.run(SuiteRunnerWorker.java:86)
	at org.testng.TestNG.runSuitesSequentially(TestNG.java:1301)
	at org.testng.TestNG.runSuitesLocally(TestNG.java:1226)
	at org.testng.TestNG.runSuites(TestNG.java:1144)
	at org.testng.TestNG.run(TestNG.java:1115)
	at org.apache.maven.surefire.testng.TestNGExecutor.run(TestNGExecutor.java:135)
	at org.apache.maven.surefire.testng.TestNGDirectoryTestSuite.executeSingleClass(TestNGDirectoryTestSuite.java:112)
	at org.apache.maven.surefire.testng.TestNGDirectoryTestSuite.execute(TestNGDirectoryTestSuite.java:99)
	at org.apache.maven.surefire.testng.TestNGProvider.invoke(TestNGProvider.java:146)
	at org.apache.maven.surefire.booter.ForkedBooter.invokeProviderInSameClassLoader(ForkedBooter.java:386)
	at org.apache.maven.surefire.booter.ForkedBooter.runSuitesInProcess(ForkedBooter.java:323)
	at org.apache.maven.surefire.booter.ForkedBooter.main(ForkedBooter.java:143)
Caused by: org.springframework.beans.factory.UnsatisfiedDependencyException: Error creating bean with name 'defaultXmlMessageValidator': Unsatisfied dependency expressed through field 'schemaRepositories'; nested exception is org.springframework.beans.factory.BeanCreationException: Error creating bean with name 'schemaRepository': Cannot resolve reference to bean 'ServiceWsdl' while setting bean property 'schemas' with key [0]; nested exception is org.springframework.beans.factory.BeanCreationException: Error creating bean with name 'ServiceWsdl': Invocation of init method failed; nested exception is java.lang.IllegalArgumentException: wsdl file resource 'class path resource [schemas/getResponseConcrete_Text.wsdl] does not exist
	at org.springframework.beans.factory.annotation.AutowiredAnnotationBeanPostProcessor$AutowiredFieldElement.inject(AutowiredAnnotationBeanPostProcessor.java:588)
	at org.springframework.beans.factory.annotation.InjectionMetadata.inject(InjectionMetadata.java:88)
	at org.springframework.beans.factory.annotation.AutowiredAnnotationBeanPostProcessor.postProcessPropertyValues(AutowiredAnnotationBeanPostProcessor.java:366)
	at org.springframework.beans.factory.support.AbstractAutowireCapableBeanFactory.populateBean(AbstractAutowireCapableBeanFactory.java:1264)
	at org.springframework.beans.factory.support.AbstractAutowireCapableBeanFactory.doCreateBean(AbstractAutowireCapableBeanFactory.java:553)
	at org.springframework.beans.factory.support.AbstractAutowireCapableBeanFactory.createBean(AbstractAutowireCapableBeanFactory.java:483)
	at org.springframework.beans.factory.support.AbstractBeanFactory$1.getObject(AbstractBeanFactory.java:306)
	at org.springframework.beans.factory.support.DefaultSingletonBeanRegistry.getSingleton(DefaultSingletonBeanRegistry.java:230)
	at org.springframework.beans.factory.support.AbstractBeanFactory.doGetBean(AbstractBeanFactory.java:302)
	at org.springframework.beans.factory.support.AbstractBeanFactory.getBean(AbstractBeanFactory.java:197)
	at org.springframework.beans.factory.support.DefaultListableBeanFactory.preInstantiateSingletons(DefaultListableBeanFactory.java:761)
	at org.springframework.context.support.AbstractApplicationContext.finishBeanFactoryInitialization(AbstractApplicationContext.java:867)
	at org.springframework.context.support.AbstractApplicationContext.refresh(AbstractApplicationContext.java:543)
	at org.springframework.test.context.support.AbstractGenericContextLoader.loadContext(AbstractGenericContextLoader.java:128)
	at org.springframework.test.context.support.AbstractGenericContextLoader.loadContext(AbstractGenericContextLoader.java:60)
	at org.springframework.test.context.support.AbstractDelegatingSmartContextLoader.delegateLoading(AbstractDelegatingSmartContextLoader.java:108)
	at org.springframework.test.context.support.AbstractDelegatingSmartContextLoader.loadContext(AbstractDelegatingSmartContextLoader.java:251)
	at org.springframework.test.context.cache.DefaultCacheAwareContextLoaderDelegate.loadContextInternal(DefaultCacheAwareContextLoaderDelegate.java:98)
	at org.springframework.test.context.cache.DefaultCacheAwareContextLoaderDelegate.loadContext(DefaultCacheAwareContextLoaderDelegate.java:116)
	... 34 more
Caused by: org.springframework.beans.factory.BeanCreationException: Error creating bean with name 'schemaRepository': Cannot resolve reference to bean 'ServiceWsdl' while setting bean property 'schemas' with key [0]; nested exception is org.springframework.beans.factory.BeanCreationException: Error creating bean with name 'ServiceWsdl': Invocation of init method failed; nested exception is java.lang.IllegalArgumentException: wsdl file resource 'class path resource [schemas/getResponseConcrete_Text.wsdl] does not exist
	at org.springframework.beans.factory.support.BeanDefinitionValueResolver.resolveReference(BeanDefinitionValueResolver.java:359)
	at org.springframework.beans.factory.support.BeanDefinitionValueResolver.resolveValueIfNecessary(BeanDefinitionValueResolver.java:108)
	at org.springframework.beans.factory.support.BeanDefinitionValueResolver.resolveManagedList(BeanDefinitionValueResolver.java:382)
	at org.springframework.beans.factory.support.BeanDefinitionValueResolver.resolveValueIfNecessary(BeanDefinitionValueResolver.java:157)
	at org.springframework.beans.factory.support.AbstractAutowireCapableBeanFactory.applyPropertyValues(AbstractAutowireCapableBeanFactory.java:1531)
	at org.springframework.beans.factory.support.AbstractAutowireCapableBeanFactory.populateBean(AbstractAutowireCapableBeanFactory.java:1276)
	at org.springframework.beans.factory.support.AbstractAutowireCapableBeanFactory.doCreateBean(AbstractAutowireCapableBeanFactory.java:553)
	at org.springframework.beans.factory.support.AbstractAutowireCapableBeanFactory.createBean(AbstractAutowireCapableBeanFactory.java:483)
	at org.springframework.beans.factory.support.AbstractBeanFactory$1.getObject(AbstractBeanFactory.java:306)
	at org.springframework.beans.factory.support.DefaultSingletonBeanRegistry.getSingleton(DefaultSingletonBeanRegistry.java:230)
	at org.springframework.beans.factory.support.AbstractBeanFactory.doGetBean(AbstractBeanFactory.java:302)
	at org.springframework.beans.factory.support.AbstractBeanFactory.getBean(AbstractBeanFactory.java:202)
	at org.springframework.beans.factory.config.DependencyDescriptor.resolveCandidate(DependencyDescriptor.java:208)
	at org.springframework.beans.factory.support.DefaultListableBeanFactory.addCandidateEntry(DefaultListableBeanFactory.java:1316)
	at org.springframework.beans.factory.support.DefaultListableBeanFactory.findAutowireCandidates(DefaultListableBeanFactory.java:1282)
	at org.springframework.beans.factory.support.DefaultListableBeanFactory.resolveMultipleBeans(DefaultListableBeanFactory.java:1180)
	at org.springframework.beans.factory.support.DefaultListableBeanFactory.doResolveDependency(DefaultListableBeanFactory.java:1096)
	at org.springframework.beans.factory.support.DefaultListableBeanFactory.resolveDependency(DefaultListableBeanFactory.java:1066)
	at org.springframework.beans.factory.annotation.AutowiredAnnotationBeanPostProcessor$AutowiredFieldElement.inject(AutowiredAnnotationBeanPostProcessor.java:585)
	... 52 more
Caused by: org.springframework.beans.factory.BeanCreationException: Error creating bean with name 'ServiceWsdl': Invocation of init method failed; nested exception is java.lang.IllegalArgumentException: wsdl file resource 'class path resource [schemas/getResponseConcrete_Text.wsdl] does not exist
	at org.springframework.beans.factory.support.AbstractAutowireCapableBeanFactory.initializeBean(AbstractAutowireCapableBeanFactory.java:1628)
	at org.springframework.beans.factory.support.AbstractAutowireCapableBeanFactory.doCreateBean(AbstractAutowireCapableBeanFactory.java:555)
	at org.springframework.beans.factory.support.AbstractAutowireCapableBeanFactory.createBean(AbstractAutowireCapableBeanFactory.java:483)
	at org.springframework.beans.factory.support.AbstractBeanFactory$1.getObject(AbstractBeanFactory.java:306)
	at org.springframework.beans.factory.support.DefaultSingletonBeanRegistry.getSingleton(DefaultSingletonBeanRegistry.java:230)
	at org.springframework.beans.factory.support.AbstractBeanFactory.doGetBean(AbstractBeanFactory.java:302)
	at org.springframework.beans.factory.support.AbstractBeanFactory.getBean(AbstractBeanFactory.java:197)
	at org.springframework.beans.factory.support.BeanDefinitionValueResolver.resolveReference(BeanDefinitionValueResolver.java:351)
	... 70 more
Caused by: java.lang.IllegalArgumentException: wsdl file resource 'class path resource [schemas/getResponseConcrete_Text.wsdl] does not exist
	at org.springframework.util.Assert.isTrue(Assert.java:92)
	at com.consol.citrus.xml.schema.WsdlXsdSchema.loadSchemaResources(WsdlXsdSchema.java:76)
	at com.consol.citrus.xml.schema.AbstractSchemaCollection.afterPropertiesSet(AbstractSchemaCollection.java:114)
	at org.springframework.beans.factory.support.AbstractAutowireCapableBeanFactory.invokeInitMethods(AbstractAutowireCapableBeanFactory.java:1687)
	at org.springframework.beans.factory.support.AbstractAutowireCapableBeanFactory.initializeBean(AbstractAutowireCapableBeanFactory.java:1624)
	... 77 more
]]></system-out>
  </testcase>
  <testcase name="helloServiceOk" classname="com.gema.testjms.HelloService_Ok_IT" time="0">
    <skipped message="Failed to load ApplicationContext"/>
  </testcase>
</testsuite>